<?xml version="1.0" encoding="UTF-8"?>
<testng-results ignored="0" total="1" passed="1" failed="0" skipped="0">
  <reporter-output>
  </reporter-output>
  <suite started-at="2022-10-23T14:26:15 IST" name="Default suite" finished-at="2022-10-23T14:26:38 IST" duration-ms="23115">
    <groups>
    </groups>
    <test started-at="2022-10-23T14:26:15 IST" name="Default test" finished-at="2022-10-23T14:26:38 IST" duration-ms="23115">
      <class name="test.BataLoginTest">
        <test-method is-config="true" signature="createReport()[pri:0, instance:test.BataLoginTest@294425a7]" started-at="2022-10-23T14:26:15 IST" name="createReport" finished-at="2022-10-23T14:26:16 IST" duration-ms="662" status="PASS">
          <reporter-output>
          </reporter-output>
        </test-method> <!-- createReport -->
        <test-method is-config="true" signature="openBrowser()[pri:0, instance:test.BataLoginTest@294425a7]" started-at="2022-10-23T14:26:16 IST" name="openBrowser" finished-at="2022-10-23T14:26:30 IST" duration-ms="14223" status="PASS">
          <reporter-output>
          </reporter-output>
        </test-method> <!-- openBrowser -->
        <test-method signature="test()[pri:0, instance:test.BataLoginTest@294425a7]" started-at="2022-10-23T14:26:30 IST" name="test" finished-at="2022-10-23T14:26:38 IST" duration-ms="7479" status="PASS">
          <reporter-output>
          </reporter-output>
        </test-method> <!-- test -->
        <test-method is-config="true" signature="captureResult(org.testng.ITestResult)[pri:0, instance:test.BataLoginTest@294425a7]" started-at="2022-10-23T14:26:38 IST" name="captureResult" finished-at="2022-10-23T14:26:38 IST" duration-ms="12" status="PASS">
          <params>
            <param index="0">
              <value>
                <![CDATA[[TestResult name=test status=SUCCESS method=BataLoginTest.test()[pri:0, instance:test.BataLoginTest@294425a7] output={null}]]]>
              </value>
            </param>
          </params>
          <reporter-output>
          </reporter-output>
        </test-method> <!-- captureResult -->
        <test-method is-config="true" signature="flushReport()[pri:0, instance:test.BataLoginTest@294425a7]" started-at="2022-10-23T14:26:38 IST" name="flushReport" finished-at="2022-10-23T14:26:38 IST" duration-ms="706" status="PASS">
          <reporter-output>
          </reporter-output>
        </test-method> <!-- flushReport -->
      </class> <!-- test.BataLoginTest -->
    </test> <!-- Default test -->
  </suite> <!-- Default suite -->
</testng-results>
